<?xml version="1.0" encoding="UTF-8"?>
<!-- Generated by org.testng.reporters.JUnitXMLReporter -->
<testsuite hostname="mspsys924" ignored="0" name="Check Group module - Add, Edit, Search, View and Delete functionalities" tests="1" failures="0" timestamp="29 Aug 2019 09:24:22 GMT" time="0.065" errors="0">
  <testcase name="@BeforeTest checkTestCase" time="0.06" classname="smokeScenarios.TC08_GroupAddEditSearchViewDelete">
    <skipped/>
  </testcase> <!-- @BeforeTest checkTestCase -->
  <testcase name="@AfterTest afterTestLogout" time="0.0" classname="smokeScenarios.TC08_GroupAddEditSearchViewDelete">
    <skipped/>
  </testcase> <!-- @AfterTest afterTestLogout -->
  <testcase name="TC08GroupAddEditSearchViewDeleteMethod" time="0.0" classname="smokeScenarios.TC08_GroupAddEditSearchViewDelete">
    <skipped/>
  </testcase> <!-- TC08GroupAddEditSearchViewDeleteMethod -->
</testsuite> <!-- Check Group module - Add, Edit, Search, View and Delete functionalities -->
