<?xml version="1.0" encoding="UTF-8"?>
<!-- Generated by org.testng.reporters.JUnitXMLReporter -->
<testsuite hostname="mspsys924" ignored="0" name="Check Options module - Edit, Search and View functionalities" tests="1" failures="0" timestamp="29 Aug 2019 09:23:43 GMT" time="0.094" errors="0">
  <testcase name="@BeforeTest checkTestCase" time="0.089" classname="smokeScenarios.TC05_OptionsEditSearchView">
    <failure type="java.lang.NullPointerException">
      <![CDATA[java.lang.NullPointerException
at smokeScenarios.TC05_OptionsEditSearchView.checkTestCase(TC05_OptionsEditSearchView.java:30)
... Removed 24 stack frames]]>
    </failure>
  </testcase> <!-- @BeforeTest checkTestCase -->
  <testcase name="@AfterTest afterTestLogout" time="0.0" classname="smokeScenarios.TC05_OptionsEditSearchView">
    <skipped/>
  </testcase> <!-- @AfterTest afterTestLogout -->
  <testcase name="TC05OptionsSearchViewMethod" time="0.0" classname="smokeScenarios.TC05_OptionsEditSearchView">
    <skipped/>
  </testcase> <!-- TC05OptionsSearchViewMethod -->
</testsuite> <!-- Check Options module - Edit, Search and View functionalities -->
