<?xml version="1.0" encoding="UTF-8"?>
<!-- Generated by org.testng.reporters.JUnitXMLReporter -->
<testsuite hostname="mspsys924" ignored="0" name="Check User module - Add,Edit,Search,View,Delete functionalities" tests="1" failures="0" timestamp="21 May 2018 10:00:19 GMT" time="283.574" errors="0">
  <testcase name="UserAddEditSearchViewDeleteMethod" time="283.272" classname="smokeScenario.UserAddEditSearchViewDelete"/>
</testsuite> <!-- Check User module - Add,Edit,Search,View,Delete functionalities -->
