<?xml version="1.0" encoding="UTF-8"?>
<!-- Generated by org.testng.reporters.JUnitXMLReporter -->
<testsuite hostname="mspsys924" ignored="0" name="Check Store module - Add,Edit,Search,View,Delete functionalities" tests="1" failures="0" timestamp="21 May 2018 09:51:48 GMT" time="367.6" errors="0">
  <testcase name="storeAddEditSearchViewDeleteMethod" time="367.315" classname="smokeScenario.StoreAddEditSearchViewDelete"/>
</testsuite> <!-- Check Store module - Add,Edit,Search,View,Delete functionalities -->
