<?xml version="1.0" encoding="UTF-8"?>
<!-- Generated by org.testng.reporters.JUnitXMLReporter -->
<testsuite hostname="mspsys924" ignored="0" name="Check Module module - Search and View functionalities" tests="1" failures="0" timestamp="29 Aug 2019 09:23:43 GMT" time="0.11" errors="0">
  <testcase name="@BeforeTest checkTestCase" time="0.095" classname="smokeScenarios.TC02_ModuleSearchView">
    <failure type="java.lang.NullPointerException">
      <![CDATA[java.lang.NullPointerException
at smokeScenarios.TC02_ModuleSearchView.checkTestCase(TC02_ModuleSearchView.java:31)
... Removed 24 stack frames]]>
    </failure>
  </testcase> <!-- @BeforeTest checkTestCase -->
  <testcase name="@AfterTest afterTestLogout" time="0.0" classname="smokeScenarios.TC02_ModuleSearchView">
    <skipped/>
  </testcase> <!-- @AfterTest afterTestLogout -->
  <testcase name="TC02ModuleSearchViewMethod" time="0.0" classname="smokeScenarios.TC02_ModuleSearchView">
    <skipped/>
  </testcase> <!-- TC02ModuleSearchViewMethod -->
</testsuite> <!-- Check Module module - Search and View functionalities -->
