<?xml version="1.0" encoding="UTF-8"?>
<!-- Generated by org.testng.reporters.JUnitXMLReporter -->
<testsuite hostname="mspsys924" ignored="0" name="Check Form module - Search and View functionalities" tests="1" failures="0" timestamp="29 Aug 2019 09:23:43 GMT" time="0.103" errors="0">
  <testcase name="@BeforeTest checkTestCase" time="0.088" classname="smokeScenarios.TC04_FormSearchView">
    <failure type="java.lang.NullPointerException">
      <![CDATA[java.lang.NullPointerException
at smokeScenarios.TC04_FormSearchView.checkTestCase(TC04_FormSearchView.java:29)
... Removed 24 stack frames]]>
    </failure>
  </testcase> <!-- @BeforeTest checkTestCase -->
  <testcase name="@AfterTest afterTestLogout" time="0.0" classname="smokeScenarios.TC04_FormSearchView">
    <skipped/>
  </testcase> <!-- @AfterTest afterTestLogout -->
  <testcase name="TC04FormSearchViewMethod" time="0.0" classname="smokeScenarios.TC04_FormSearchView">
    <skipped/>
  </testcase> <!-- TC04FormSearchViewMethod -->
</testsuite> <!-- Check Form module - Search and View functionalities -->
