<?xml version="1.0" encoding="UTF-8"?>
<!-- Generated by org.testng.reporters.JUnitXMLReporter -->
<testsuite hostname="mspsys924" ignored="0" name="Check User module - Add, Edit, Search, View and Delete functionalities" tests="1" failures="0" timestamp="29 Aug 2019 09:24:23 GMT" time="0.079" errors="0">
  <testcase name="@BeforeTest checkTestCase" time="0.073" classname="smokeScenarios.TC09_UserAddEditSearchViewDelete">
    <skipped/>
  </testcase> <!-- @BeforeTest checkTestCase -->
  <testcase name="@AfterTest afterTestLogout" time="0.0" classname="smokeScenarios.TC09_UserAddEditSearchViewDelete">
    <skipped/>
  </testcase> <!-- @AfterTest afterTestLogout -->
  <testcase name="TC09UserAddEditSearchViewDeleteMethod" time="0.0" classname="smokeScenarios.TC09_UserAddEditSearchViewDelete">
    <skipped/>
  </testcase> <!-- TC09UserAddEditSearchViewDeleteMethod -->
</testsuite> <!-- Check User module - Add, Edit, Search, View and Delete functionalities -->
