<?xml version="1.0" encoding="UTF-8"?>
<!-- Generated by org.testng.reporters.JUnitXMLReporter -->
<testsuite hostname="mspsys924" ignored="0" name="Check Roles and Rights module - Add,Edit,Search,View,Delete functionalities" tests="1" failures="0" timestamp="21 May 2018 10:04:56 GMT" time="276.851" errors="0">
  <testcase name="RoleAddEditSearchViewDeleteMethod" time="276.555" classname="smokeScenario.RoleAddEditSearchViewDelete"/>
</testsuite> <!-- Check Roles and Rights module - Add,Edit,Search,View,Delete functionalities -->
