<?xml version="1.0" encoding="UTF-8"?>
<!-- Generated by org.testng.reporters.JUnitXMLReporter -->
<testsuite hostname="mspsys924" ignored="0" name="Check Store module - Add,Edit,Search,View,Delete functionality" tests="1" failures="0" timestamp="18 May 2018 10:15:44 GMT" time="304.21" errors="0">
  <testcase name="storeAddEditSearchViewDeleteMethod" time="303.958" classname="smokeScenario.StoreAddEditSearchViewDelete"/>
</testsuite> <!-- Check Store module - Add,Edit,Search,View,Delete functionality -->
