<?xml version="1.0" encoding="UTF-8"?>
<!-- Generated by org.testng.reporters.JUnitXMLReporter -->
<testsuite hostname="mspsys924" ignored="0" name="Check Sub Module module - Search and View functionalities" tests="1" failures="0" timestamp="29 Aug 2019 09:23:43 GMT" time="0.112" errors="0">
  <testcase name="@BeforeTest checkTestCase" time="0.086" classname="smokeScenarios.TC03_SubModuleSearchView">
    <failure type="java.lang.NullPointerException">
      <![CDATA[java.lang.NullPointerException
at smokeScenarios.TC03_SubModuleSearchView.checkTestCase(TC03_SubModuleSearchView.java:29)
... Removed 24 stack frames]]>
    </failure>
  </testcase> <!-- @BeforeTest checkTestCase -->
  <testcase name="@AfterTest afterTestLogout" time="0.0" classname="smokeScenarios.TC03_SubModuleSearchView">
    <skipped/>
  </testcase> <!-- @AfterTest afterTestLogout -->
  <testcase name="TC03SubModuleSearchViewMethod" time="0.0" classname="smokeScenarios.TC03_SubModuleSearchView">
    <skipped/>
  </testcase> <!-- TC03SubModuleSearchViewMethod -->
</testsuite> <!-- Check Sub Module module - Search and View functionalities -->
