<?xml version="1.0" encoding="UTF-8"?>
<!-- Generated by org.testng.reporters.JUnitXMLReporter -->
<testsuite hostname="mspsys924" ignored="0" name="Check Group module - Add,Edit,Search,View,Delete functionalities" tests="1" failures="0" timestamp="21 May 2018 09:55:35 GMT" time="227.053" errors="0">
  <testcase name="GroupAddEditSearchViewDeleteMethod" time="226.773" classname="smokeScenario.GroupAddEditSearchViewDelete"/>
</testsuite> <!-- Check Group module - Add,Edit,Search,View,Delete functionalities -->
