<?xml version="1.0" encoding="UTF-8"?>
<!-- Generated by org.testng.reporters.JUnitXMLReporter -->
<testsuite hostname="mspsys924" ignored="0" name="Check Store module - Add, Edit, Search, View and Delete functionalities" tests="1" failures="0" timestamp="29 Aug 2019 09:24:22 GMT" time="39.054" errors="0">
  <testcase name="TC07storeAddEditSearchViewDeleteMethod" time="38.426" classname="smokeScenarios.TC07_StoreAddEditSearchViewDelete"/>
</testsuite> <!-- Check Store module - Add, Edit, Search, View and Delete functionalities -->
