<?xml version="1.0" encoding="UTF-8"?>
<!-- Generated by org.testng.reporters.JUnitXMLReporter -->
<testsuite hostname="mspsys924" ignored="0" name="Check Store Card module - Add, Edit, Search, View and Delete functionalities" tests="1" failures="0" timestamp="29 Aug 2019 09:23:43 GMT" time="0.195" errors="0">
  <testcase name="@BeforeTest checkTestCase" time="0.107" classname="smokeScenarios.TC06_StoreCardAddEditSearchViewDelete">
    <failure type="java.lang.NullPointerException">
      <![CDATA[java.lang.NullPointerException
at smokeScenarios.TC06_StoreCardAddEditSearchViewDelete.checkTestCase(TC06_StoreCardAddEditSearchViewDelete.java:34)
... Removed 24 stack frames]]>
    </failure>
  </testcase> <!-- @BeforeTest checkTestCase -->
  <testcase name="@BeforeMethod createStoreForCard" time="0.0" classname="smokeScenarios.TC06_StoreCardAddEditSearchViewDelete">
    <skipped/>
  </testcase> <!-- @BeforeMethod createStoreForCard -->
  <testcase name="@AfterTest afterTestLogout" time="0.0" classname="smokeScenarios.TC06_StoreCardAddEditSearchViewDelete">
    <skipped/>
  </testcase> <!-- @AfterTest afterTestLogout -->
  <testcase name="TC06storeCardAddEditSearchViewDeleteMethod" time="0.0" classname="smokeScenarios.TC06_StoreCardAddEditSearchViewDelete">
    <skipped/>
  </testcase> <!-- TC06storeCardAddEditSearchViewDeleteMethod -->
</testsuite> <!-- Check Store Card module - Add, Edit, Search, View and Delete functionalities -->
