<?xml version="1.0" encoding="UTF-8"?>
<!-- Generated by org.testng.reporters.JUnitXMLReporter -->
<testsuite hostname="mspsys924" ignored="1" name="ChromeTest" tests="2" failures="0" timestamp="18 May 2018 06:47:53 GMT" time="354.904" errors="0">
  <testcase name="@BeforeTest checkTestCase" time="0.003" classname="smokeScenario.NavigateToModule">
    <skipped/>
  </testcase> <!-- @BeforeTest checkTestCase -->
  <testcase name="@BeforeTest checkTestCase" time="0.0" classname="smokeScenario.StoreAddEditSearchViewDelete">
    <skipped/>
  </testcase> <!-- @BeforeTest checkTestCase -->
  <testcase name="OpenModule" time="50.391" classname="smokeScenario.NavigateToModule"/>
  <testcase name="storeAddEditSearchViewDeleteMethod" time="304.406" classname="smokeScenario.StoreAddEditSearchViewDelete"/>
  <testcase name="@BeforeSuite checkTestSuite" time="0.0" classname="smokeScenario.BaseInitSmokeScenario">
    <ignored/>
  </testcase> <!-- @BeforeSuite checkTestSuite -->
</testsuite> <!-- ChromeTest -->
