<?xml version="1.0" encoding="UTF-8"?>
<!-- Generated by org.testng.reporters.JUnitXMLReporter -->
<testsuite hostname="mspsys924" ignored="0" name="FirefoxTest2" tests="1" failures="1" timestamp="10 Apr 2018 13:05:12 GMT" time="10.677" errors="0">
  <testcase name="OpenModule" time="3.772" classname="smokeScenario.NavigateToModule">
    <failure type="java.lang.NullPointerException">
      <![CDATA[java.lang.NullPointerException
at smokeScenario.NavigateToModule.OpenModule(NavigateToModule.java:76)
at java.util.concurrent.FutureTask.run(FutureTask.java:266)
at java.util.concurrent.ThreadPoolExecutor.runWorker(ThreadPoolExecutor.java:1142)
at java.util.concurrent.ThreadPoolExecutor$Worker.run(ThreadPoolExecutor.java:617)
at java.lang.Thread.run(Thread.java:745)
... Removed 16 stack frames]]>
    </failure>
  </testcase> <!-- OpenModule -->
</testsuite> <!-- FirefoxTest2 -->
