<?xml version="1.0" encoding="UTF-8"?>
<!-- Generated by org.testng.reporters.JUnitXMLReporter -->
<testsuite hostname="mspsys924" ignored="0" name="TC02_Verify that store card is getting issued successfully from Till application." tests="1" failures="0" timestamp="02 Jul 2018 06:40:40 GMT" time="1.037" errors="0">
  <testcase name="@BeforeMethod createStoreForCard" time="1.024" classname="integrationScenarios.TC02_VerifyStoreCardIssue">
    <failure type="java.lang.NullPointerException">
      <![CDATA[java.lang.NullPointerException
at utility.UtilityMethods.adminSignIn(UtilityMethods.java:34)
at integrationScenarios.TC02_VerifyStoreCardIssue.createStoreForCard(TC02_VerifyStoreCardIssue.java:86)
... Removed 28 stack frames]]>
    </failure>
  </testcase> <!-- @BeforeMethod createStoreForCard -->
  <testcase name="@AfterTest afterTestLogout" time="0.0" classname="integrationScenarios.TC02_VerifyStoreCardIssue">
    <skipped/>
  </testcase> <!-- @AfterTest afterTestLogout -->
  <testcase name="ruffWorkMethod" time="0.0" classname="integrationScenarios.TC02_VerifyStoreCardIssue">
    <skipped/>
  </testcase> <!-- ruffWorkMethod -->
</testsuite> <!-- TC02_Verify that store card is getting issued successfully from Till application. -->
