<?xml version="1.0" encoding="UTF-8"?>
<!-- Generated by org.testng.reporters.JUnitXMLReporter -->
<testsuite hostname="mspsys924" ignored="28" name="Test" tests="15" failures="0" timestamp="29 May 2018 12:31:05 GMT" time="0.217" errors="0">
  <testcase name="@BeforeTest checkTestCase" time="0.003" classname="smokeScenarios.AddEditSearchViewDelete">
    <skipped/>
  </testcase> <!-- @BeforeTest checkTestCase -->
  <testcase name="@BeforeTest checkTestCase" time="0.0" classname="smokeScenarios.FormSearchView">
    <skipped/>
  </testcase> <!-- @BeforeTest checkTestCase -->
  <testcase name="@BeforeTest checkTestCase" time="0.0" classname="smokeScenarios.GroupAddEditSearchViewDelete">
    <skipped/>
  </testcase> <!-- @BeforeTest checkTestCase -->
  <testcase name="@BeforeTest checkTestCase" time="0.0" classname="smokeScenarios.ModuleSearchView">
    <skipped/>
  </testcase> <!-- @BeforeTest checkTestCase -->
  <testcase name="@BeforeTest checkTestCase" time="0.0" classname="smokeScenarios.NavigateToModule">
    <skipped/>
  </testcase> <!-- @BeforeTest checkTestCase -->
  <testcase name="@BeforeTest checkTestCase" time="0.0" classname="smokeScenarios.OptionsEditSearchView">
    <skipped/>
  </testcase> <!-- @BeforeTest checkTestCase -->
  <testcase name="@BeforeTest checkTestCase" time="0.0" classname="smokeScenarios.RoleAddEditSearchViewDelete">
    <skipped/>
  </testcase> <!-- @BeforeTest checkTestCase -->
  <testcase name="@BeforeTest checkTestCase" time="0.0" classname="regressionScenarios.RuffWorkTestNG">
    <skipped/>
  </testcase> <!-- @BeforeTest checkTestCase -->
  <testcase name="@BeforeTest checkTestCase" time="0.0" classname="smokeScenarios.RuffWorkTestNGSmoke">
    <skipped/>
  </testcase> <!-- @BeforeTest checkTestCase -->
  <testcase name="@BeforeTest checkTestCase" time="0.0" classname="smokeScenarios.StoreAddEditSearchViewDelete">
    <skipped/>
  </testcase> <!-- @BeforeTest checkTestCase -->
  <testcase name="@BeforeTest checkTestCase" time="0.0" classname="smokeScenarios.StoreCardAddEditSearchViewDelete">
    <skipped/>
  </testcase> <!-- @BeforeTest checkTestCase -->
  <testcase name="@BeforeTest checkTestCase" time="0.0" classname="smokeScenarios.SubModuleSearchView">
    <skipped/>
  </testcase> <!-- @BeforeTest checkTestCase -->
  <testcase name="@BeforeTest checkTestCase" time="0.0" classname="regressionScenarios.TC01_Store_VerifyStoreUserAndRole">
    <skipped/>
  </testcase> <!-- @BeforeTest checkTestCase -->
  <testcase name="@BeforeTest checkTestCase" time="0.0" classname="regressionScenarios.TC02_Store_VerifyByLoginUsingStoreCredentials">
    <skipped/>
  </testcase> <!-- @BeforeTest checkTestCase -->
  <testcase name="@BeforeTest checkTestCase" time="0.0" classname="smokeScenarios.UserAddEditSearchViewDelete">
    <skipped/>
  </testcase> <!-- @BeforeTest checkTestCase -->
  <testcase name="@BeforeMethod createStoreForCard" time="0.0" classname="smokeScenarios.StoreCardAddEditSearchViewDelete">
    <skipped/>
  </testcase> <!-- @BeforeMethod createStoreForCard -->
  <testcase name="@AfterTest afterTestLogout" time="0.0" classname="smokeScenarios.FormSearchView">
    <skipped/>
  </testcase> <!-- @AfterTest afterTestLogout -->
  <testcase name="@AfterTest afterTestLogout" time="0.0" classname="smokeScenarios.GroupAddEditSearchViewDelete">
    <skipped/>
  </testcase> <!-- @AfterTest afterTestLogout -->
  <testcase name="@AfterTest afterTestLogout" time="0.0" classname="smokeScenarios.ModuleSearchView">
    <skipped/>
  </testcase> <!-- @AfterTest afterTestLogout -->
  <testcase name="@AfterTest afterTestLogout" time="0.0" classname="smokeScenarios.NavigateToModule">
    <skipped/>
  </testcase> <!-- @AfterTest afterTestLogout -->
  <testcase name="@AfterTest afterTestLogout" time="0.0" classname="smokeScenarios.OptionsEditSearchView">
    <skipped/>
  </testcase> <!-- @AfterTest afterTestLogout -->
  <testcase name="@AfterTest afterTestLogout" time="0.0" classname="smokeScenarios.RoleAddEditSearchViewDelete">
    <skipped/>
  </testcase> <!-- @AfterTest afterTestLogout -->
  <testcase name="@AfterTest afterTestLogout" time="0.0" classname="smokeScenarios.StoreAddEditSearchViewDelete">
    <skipped/>
  </testcase> <!-- @AfterTest afterTestLogout -->
  <testcase name="@AfterTest afterTestLogout" time="0.0" classname="smokeScenarios.StoreCardAddEditSearchViewDelete">
    <skipped/>
  </testcase> <!-- @AfterTest afterTestLogout -->
  <testcase name="@AfterTest afterTestLogout" time="0.0" classname="smokeScenarios.SubModuleSearchView">
    <skipped/>
  </testcase> <!-- @AfterTest afterTestLogout -->
  <testcase name="@AfterTest afterTestLogout" time="0.0" classname="regressionScenarios.TC01_Store_VerifyStoreUserAndRole">
    <skipped/>
  </testcase> <!-- @AfterTest afterTestLogout -->
  <testcase name="@AfterTest afterTestLogout" time="0.0" classname="regressionScenarios.TC02_Store_VerifyByLoginUsingStoreCredentials">
    <skipped/>
  </testcase> <!-- @AfterTest afterTestLogout -->
  <testcase name="@AfterTest afterTestLogout" time="0.0" classname="smokeScenarios.UserAddEditSearchViewDelete">
    <skipped/>
  </testcase> <!-- @AfterTest afterTestLogout -->
  <testcase name="addEditSearchViewDeleteMethod" time="0.0" classname="smokeScenarios.AddEditSearchViewDelete">
    <skipped/>
  </testcase> <!-- addEditSearchViewDeleteMethod -->
  <testcase name="createGeneralGroup" time="0.0" classname="regressionScenarios.RuffWorkTestNG">
    <skipped/>
  </testcase> <!-- createGeneralGroup -->
  <testcase name="FormSearchViewMethod" time="0.0" classname="smokeScenarios.FormSearchView">
    <skipped/>
  </testcase> <!-- FormSearchViewMethod -->
  <testcase name="TC01VerifyNewStoreUserAndRole" time="0.0" classname="regressionScenarios.TC01_Store_VerifyStoreUserAndRole">
    <skipped/>
  </testcase> <!-- TC01VerifyNewStoreUserAndRole -->
  <testcase name="GroupAddEditSearchViewDeleteMethod" time="0.0" classname="smokeScenarios.GroupAddEditSearchViewDelete">
    <skipped/>
  </testcase> <!-- GroupAddEditSearchViewDeleteMethod -->
  <testcase name="TC02VerifyByLoginUsingStoreCredentials" time="0.0" classname="regressionScenarios.TC02_Store_VerifyByLoginUsingStoreCredentials">
    <skipped/>
  </testcase> <!-- TC02VerifyByLoginUsingStoreCredentials -->
  <testcase name="ModuleSearchViewMethod" time="0.0" classname="smokeScenarios.ModuleSearchView">
    <skipped/>
  </testcase> <!-- ModuleSearchViewMethod -->
  <testcase name="OpenModule" time="0.0" classname="smokeScenarios.NavigateToModule">
    <skipped/>
  </testcase> <!-- OpenModule -->
  <testcase name="OptionsSearchViewMethod" time="0.0" classname="smokeScenarios.OptionsEditSearchView">
    <skipped/>
  </testcase> <!-- OptionsSearchViewMethod -->
  <testcase name="RoleAddEditSearchViewDeleteMethod" time="0.0" classname="smokeScenarios.RoleAddEditSearchViewDelete">
    <skipped/>
  </testcase> <!-- RoleAddEditSearchViewDeleteMethod -->
  <testcase name="createGeneralGroup" time="0.0" classname="smokeScenarios.RuffWorkTestNGSmoke">
    <skipped/>
  </testcase> <!-- createGeneralGroup -->
  <testcase name="storeAddEditSearchViewDeleteMethod" time="0.0" classname="smokeScenarios.StoreAddEditSearchViewDelete">
    <skipped/>
  </testcase> <!-- storeAddEditSearchViewDeleteMethod -->
  <testcase name="storeCardAddEditSearchViewDeleteMethod" time="0.0" classname="smokeScenarios.StoreCardAddEditSearchViewDelete">
    <skipped/>
  </testcase> <!-- storeCardAddEditSearchViewDeleteMethod -->
  <testcase name="SubModuleSearchViewMethod" time="0.0" classname="smokeScenarios.SubModuleSearchView">
    <skipped/>
  </testcase> <!-- SubModuleSearchViewMethod -->
  <testcase name="UserAddEditSearchViewDeleteMethod" time="0.0" classname="smokeScenarios.UserAddEditSearchViewDelete">
    <skipped/>
  </testcase> <!-- UserAddEditSearchViewDeleteMethod -->
  <testcase name="@AfterSuite closeDriver" time="0.0" classname="regressionScenarios.BaseInitRegressionScenarios">
    <ignored/>
  </testcase> <!-- @AfterSuite closeDriver -->
  <testcase name="@AfterSuite closeDriver" time="0.0" classname="regressionScenarios.BaseInitRegressionScenarios">
    <ignored/>
  </testcase> <!-- @AfterSuite closeDriver -->
  <testcase name="@AfterSuite closeDriver" time="0.0" classname="smokeScenarios.BaseInitSmokeScenario">
    <ignored/>
  </testcase> <!-- @AfterSuite closeDriver -->
  <testcase name="@AfterSuite closeDriver" time="0.0" classname="smokeScenarios.BaseInitSmokeScenario">
    <ignored/>
  </testcase> <!-- @AfterSuite closeDriver -->
  <testcase name="@AfterSuite closeDriver" time="0.0" classname="smokeScenarios.BaseInitSmokeScenario">
    <ignored/>
  </testcase> <!-- @AfterSuite closeDriver -->
  <testcase name="@AfterSuite closeDriver" time="0.0" classname="smokeScenarios.BaseInitSmokeScenario">
    <ignored/>
  </testcase> <!-- @AfterSuite closeDriver -->
  <testcase name="@AfterSuite closeDriver" time="0.0" classname="smokeScenarios.BaseInitSmokeScenario">
    <ignored/>
  </testcase> <!-- @AfterSuite closeDriver -->
  <testcase name="@AfterSuite closeDriver" time="0.0" classname="smokeScenarios.BaseInitSmokeScenario">
    <ignored/>
  </testcase> <!-- @AfterSuite closeDriver -->
  <testcase name="@AfterSuite closeDriver" time="0.0" classname="smokeScenarios.BaseInitSmokeScenario">
    <ignored/>
  </testcase> <!-- @AfterSuite closeDriver -->
  <testcase name="@AfterSuite closeDriver" time="0.0" classname="smokeScenarios.BaseInitSmokeScenario">
    <ignored/>
  </testcase> <!-- @AfterSuite closeDriver -->
  <testcase name="@AfterSuite closeDriver" time="0.0" classname="smokeScenarios.BaseInitSmokeScenario">
    <ignored/>
  </testcase> <!-- @AfterSuite closeDriver -->
  <testcase name="@AfterSuite closeDriver" time="0.0" classname="smokeScenarios.BaseInitSmokeScenario">
    <ignored/>
  </testcase> <!-- @AfterSuite closeDriver -->
  <testcase name="@AfterSuite closeDriver" time="0.0" classname="smokeScenarios.BaseInitSmokeScenario">
    <ignored/>
  </testcase> <!-- @AfterSuite closeDriver -->
  <testcase name="@AfterSuite closeDriver" time="0.0" classname="smokeScenarios.BaseInitSmokeScenario">
    <ignored/>
  </testcase> <!-- @AfterSuite closeDriver -->
  <testcase name="@BeforeSuite checkTestSuite" time="0.0" classname="regressionScenarios.BaseInitRegressionScenarios">
    <ignored/>
  </testcase> <!-- @BeforeSuite checkTestSuite -->
  <testcase name="@BeforeSuite checkTestSuite" time="0.0" classname="regressionScenarios.BaseInitRegressionScenarios">
    <ignored/>
  </testcase> <!-- @BeforeSuite checkTestSuite -->
  <testcase name="@BeforeSuite checkTestSuite" time="0.0" classname="smokeScenarios.BaseInitSmokeScenario">
    <ignored/>
  </testcase> <!-- @BeforeSuite checkTestSuite -->
  <testcase name="@BeforeSuite checkTestSuite" time="0.0" classname="smokeScenarios.BaseInitSmokeScenario">
    <ignored/>
  </testcase> <!-- @BeforeSuite checkTestSuite -->
  <testcase name="@BeforeSuite checkTestSuite" time="0.0" classname="smokeScenarios.BaseInitSmokeScenario">
    <ignored/>
  </testcase> <!-- @BeforeSuite checkTestSuite -->
  <testcase name="@BeforeSuite checkTestSuite" time="0.0" classname="smokeScenarios.BaseInitSmokeScenario">
    <ignored/>
  </testcase> <!-- @BeforeSuite checkTestSuite -->
  <testcase name="@BeforeSuite checkTestSuite" time="0.0" classname="smokeScenarios.BaseInitSmokeScenario">
    <ignored/>
  </testcase> <!-- @BeforeSuite checkTestSuite -->
  <testcase name="@BeforeSuite checkTestSuite" time="0.0" classname="smokeScenarios.BaseInitSmokeScenario">
    <ignored/>
  </testcase> <!-- @BeforeSuite checkTestSuite -->
  <testcase name="@BeforeSuite checkTestSuite" time="0.0" classname="smokeScenarios.BaseInitSmokeScenario">
    <ignored/>
  </testcase> <!-- @BeforeSuite checkTestSuite -->
  <testcase name="@BeforeSuite checkTestSuite" time="0.0" classname="smokeScenarios.BaseInitSmokeScenario">
    <ignored/>
  </testcase> <!-- @BeforeSuite checkTestSuite -->
  <testcase name="@BeforeSuite checkTestSuite" time="0.0" classname="smokeScenarios.BaseInitSmokeScenario">
    <ignored/>
  </testcase> <!-- @BeforeSuite checkTestSuite -->
  <testcase name="@BeforeSuite checkTestSuite" time="0.0" classname="smokeScenarios.BaseInitSmokeScenario">
    <ignored/>
  </testcase> <!-- @BeforeSuite checkTestSuite -->
  <testcase name="@BeforeSuite checkTestSuite" time="0.0" classname="smokeScenarios.BaseInitSmokeScenario">
    <ignored/>
  </testcase> <!-- @BeforeSuite checkTestSuite -->
  <testcase name="@BeforeSuite checkTestSuite" time="0.0" classname="smokeScenarios.BaseInitSmokeScenario">
    <ignored/>
  </testcase> <!-- @BeforeSuite checkTestSuite -->
</testsuite> <!-- Test -->
