<?xml version="1.0" encoding="UTF-8"?>
<!-- Generated by org.testng.reporters.JUnitXMLReporter -->
<testsuite hostname="mspsys924" ignored="0" name="Verify that user can login into QwickPoints Retailer Website using newly created stores&#039;s credentials" tests="1" failures="0" timestamp="07 Jun 2018 12:34:13 GMT" time="45.307" errors="0">
  <testcase name="TC02VerifyByLoginUsingStoreCredentials" time="45.051" classname="regressionScenarios.TC02_Store_VerifyByLoginUsingStoreCredentials"/>
</testsuite> <!-- Verify that user can login into QwickPoints Retailer Website using newly created stores's credentials -->
