<?xml version="1.0" encoding="UTF-8"?>
<!-- Generated by org.testng.reporters.JUnitXMLReporter -->
<testsuite hostname="mspsys924" ignored="0" name="Verify that User and Role records getting created by creating new Store record" tests="1" failures="0" timestamp="07 Jun 2018 12:33:28 GMT" time="60.599" errors="0">
  <testcase name="TC01VerifyNewStoreUserAndRole" time="60.241" classname="regressionScenarios.TC01_Store_VerifyStoreUserAndRole"/>
</testsuite> <!-- Verify that User and Role records getting created by creating new Store record -->
