<?xml version="1.0" encoding="UTF-8"?>
<testng-results skipped="0" failed="0" ignored="0" total="1" passed="1">
  <reporter-output>
  </reporter-output>
  <suite name="Smoke Scenarios" duration-ms="42827" started-at="2021-01-03T21:37:16Z" finished-at="2021-01-03T21:37:59Z">
    <groups>
    </groups>
    <test name="Check all the modules getting open" duration-ms="42827" started-at="2021-01-03T21:37:16Z" finished-at="2021-01-03T21:37:59Z">
      <class name="smokeScenarios.TC01_NavigateToModule">
        <test-method status="PASS" signature="checkTestSuite()[pri:0, instance:smokeScenarios.TC01_NavigateToModule@4cf777e8]" name="checkTestSuite" is-config="true" duration-ms="6125" started-at="2021-01-03T21:37:10Z" finished-at="2021-01-03T21:37:16Z">
          <reporter-output>
          </reporter-output>
        </test-method> <!-- checkTestSuite -->
        <test-method status="PASS" signature="checkTestCase()[pri:0, instance:smokeScenarios.TC01_NavigateToModule@4cf777e8]" name="checkTestCase" is-config="true" duration-ms="3" started-at="2021-01-03T21:37:16Z" finished-at="2021-01-03T21:37:16Z">
          <reporter-output>
          </reporter-output>
        </test-method> <!-- checkTestCase -->
        <test-method status="PASS" signature="TC01OpenModule()[pri:0, instance:smokeScenarios.TC01_NavigateToModule@4cf777e8]" name="TC01OpenModule" duration-ms="41995" started-at="2021-01-03T21:37:16Z" finished-at="2021-01-03T21:37:58Z">
          <reporter-output>
          </reporter-output>
        </test-method> <!-- TC01OpenModule -->
        <test-method status="PASS" signature="afterTestLogout()[pri:0, instance:smokeScenarios.TC01_NavigateToModule@4cf777e8]" name="afterTestLogout" is-config="true" duration-ms="802" started-at="2021-01-03T21:37:58Z" finished-at="2021-01-03T21:37:59Z">
          <reporter-output>
          </reporter-output>
        </test-method> <!-- afterTestLogout -->
      </class> <!-- smokeScenarios.TC01_NavigateToModule -->
    </test> <!-- Check all the modules getting open -->
  </suite> <!-- Smoke Scenarios -->
  <suite name="Final Release" duration-ms="0" started-at="2021-01-03T21:37:59Z" finished-at="2021-01-03T21:37:59Z">
    <groups>
    </groups>
  </suite> <!-- Final Release -->
</testng-results>
